<?xml version="1.0" encoding="UTF-8"?>
<testsuite xmlns:xsi="http://www.w3.org/2001/XMLSchema-instance" xsi:noNamespaceSchemaLocation="https://maven.apache.org/surefire/maven-surefire-plugin/xsd/surefire-test-report.xsd" name="com.pcwk.ehr.JUnitUserDaoTest" time="1.717" tests="4" errors="0" skipped="1" failures="3">
  <properties>
    <property name="sun.desktop" value="windows"/>
    <property name="awt.toolkit" value="sun.awt.windows.WToolkit"/>
    <property name="file.encoding.pkg" value="sun.io"/>
    <property name="java.specification.version" value="1.8"/>
    <property name="sun.cpu.isalist" value="amd64"/>
    <property name="sun.jnu.encoding" value="MS949"/>
    <property name="java.class.path" value="C:\DCOM_220127\05_SPRING\workspace\S_SH12_02\target\test-classes;C:\DCOM_220127\05_SPRING\workspace\S_SH12_02\target\classes;C:\DCOM_220127\05_SPRING\repository\aopalliance\aopalliance\1.0\aopalliance-1.0.jar;C:\DCOM_220127\05_SPRING\repository\org\aspectj\aspectjweaver\1.9.8\aspectjweaver-1.9.8.jar;C:\DCOM_220127\05_SPRING\repository\org\aspectj\aspectjrt\1.9.8\aspectjrt-1.9.8.jar;C:\DCOM_220127\05_SPRING\repository\javax\mail\mail\1.4.7\mail-1.4.7.jar;C:\DCOM_220127\05_SPRING\repository\javax\activation\activation\1.1\activation-1.1.jar;C:\DCOM_220127\05_SPRING\repository\org\springframework\spring-context-support\5.3.18\spring-context-support-5.3.18.jar;C:\DCOM_220127\05_SPRING\repository\org\springframework\spring-beans\5.3.18\spring-beans-5.3.18.jar;C:\DCOM_220127\05_SPRING\repository\org\springframework\spring-core\5.3.18\spring-core-5.3.18.jar;C:\DCOM_220127\05_SPRING\repository\org\springframework\spring-jcl\5.3.18\spring-jcl-5.3.18.jar;C:\DCOM_220127\05_SPRING\repository\org\springframework\spring-test\5.3.18\spring-test-5.3.18.jar;C:\DCOM_220127\05_SPRING\repository\org\springframework\spring-jdbc\5.3.18\spring-jdbc-5.3.18.jar;C:\DCOM_220127\05_SPRING\repository\org\springframework\spring-tx\5.3.18\spring-tx-5.3.18.jar;C:\DCOM_220127\05_SPRING\repository\org\springframework\spring-context\5.3.18\spring-context-5.3.18.jar;C:\DCOM_220127\05_SPRING\repository\org\springframework\spring-aop\5.3.18\spring-aop-5.3.18.jar;C:\DCOM_220127\05_SPRING\repository\org\springframework\spring-expression\5.3.18\spring-expression-5.3.18.jar;C:\DCOM_220127\05_SPRING\repository\com\oracle\database\jdbc\ojdbc8\18.3.0.0\ojdbc8-18.3.0.0.jar;C:\DCOM_220127\05_SPRING\repository\com\oracle\database\jdbc\ucp\18.3.0.0\ucp-18.3.0.0.jar;C:\DCOM_220127\05_SPRING\repository\com\oracle\database\security\oraclepki\18.3.0.0\oraclepki-18.3.0.0.jar;C:\DCOM_220127\05_SPRING\repository\com\oracle\database\security\osdt_cert\18.3.0.0\osdt_cert-18.3.0.0.jar;C:\DCOM_220127\05_SPRING\repository\com\oracle\database\security\osdt_core\18.3.0.0\osdt_core-18.3.0.0.jar;C:\DCOM_220127\05_SPRING\repository\com\oracle\database\ha\simplefan\18.3.0.0\simplefan-18.3.0.0.jar;C:\DCOM_220127\05_SPRING\repository\com\oracle\database\ha\ons\18.3.0.0\ons-18.3.0.0.jar;C:\DCOM_220127\05_SPRING\repository\org\apache\logging\log4j\log4j-core\2.17.2\log4j-core-2.17.2.jar;C:\DCOM_220127\05_SPRING\repository\org\apache\logging\log4j\log4j-api\2.17.2\log4j-api-2.17.2.jar;C:\DCOM_220127\05_SPRING\repository\junit\junit\4.13.2\junit-4.13.2.jar;C:\DCOM_220127\05_SPRING\repository\org\hamcrest\hamcrest-core\1.3\hamcrest-core-1.3.jar;"/>
    <property name="java.vm.vendor" value="Oracle Corporation"/>
    <property name="sun.arch.data.model" value="64"/>
    <property name="user.variant" value=""/>
    <property name="java.vendor.url" value="http://java.oracle.com/"/>
    <property name="user.timezone" value="Asia/Seoul"/>
    <property name="java.vm.specification.version" value="1.8"/>
    <property name="os.name" value="Windows 10"/>
    <property name="user.country" value="KR"/>
    <property name="sun.java.launcher" value="SUN_STANDARD"/>
    <property name="sun.boot.library.path" value="C:\Program Files\Java\jdk1.8.0_202\jre\bin"/>
    <property name="sun.java.command" value="C:\Users\ITSC\AppData\Local\Temp\surefire6882482338417447440\surefirebooter6948324995868581398.jar C:\Users\ITSC\AppData\Local\Temp\surefire6882482338417447440 2022-06-10T12-33-17_344-jvmRun1 surefire5344312957773039717tmp surefire_03527932492676759352tmp"/>
    <property name="surefire.test.class.path" value="C:\DCOM_220127\05_SPRING\workspace\S_SH12_02\target\test-classes;C:\DCOM_220127\05_SPRING\workspace\S_SH12_02\target\classes;C:\DCOM_220127\05_SPRING\repository\aopalliance\aopalliance\1.0\aopalliance-1.0.jar;C:\DCOM_220127\05_SPRING\repository\org\aspectj\aspectjweaver\1.9.8\aspectjweaver-1.9.8.jar;C:\DCOM_220127\05_SPRING\repository\org\aspectj\aspectjrt\1.9.8\aspectjrt-1.9.8.jar;C:\DCOM_220127\05_SPRING\repository\javax\mail\mail\1.4.7\mail-1.4.7.jar;C:\DCOM_220127\05_SPRING\repository\javax\activation\activation\1.1\activation-1.1.jar;C:\DCOM_220127\05_SPRING\repository\org\springframework\spring-context-support\5.3.18\spring-context-support-5.3.18.jar;C:\DCOM_220127\05_SPRING\repository\org\springframework\spring-beans\5.3.18\spring-beans-5.3.18.jar;C:\DCOM_220127\05_SPRING\repository\org\springframework\spring-core\5.3.18\spring-core-5.3.18.jar;C:\DCOM_220127\05_SPRING\repository\org\springframework\spring-jcl\5.3.18\spring-jcl-5.3.18.jar;C:\DCOM_220127\05_SPRING\repository\org\springframework\spring-test\5.3.18\spring-test-5.3.18.jar;C:\DCOM_220127\05_SPRING\repository\org\springframework\spring-jdbc\5.3.18\spring-jdbc-5.3.18.jar;C:\DCOM_220127\05_SPRING\repository\org\springframework\spring-tx\5.3.18\spring-tx-5.3.18.jar;C:\DCOM_220127\05_SPRING\repository\org\springframework\spring-context\5.3.18\spring-context-5.3.18.jar;C:\DCOM_220127\05_SPRING\repository\org\springframework\spring-aop\5.3.18\spring-aop-5.3.18.jar;C:\DCOM_220127\05_SPRING\repository\org\springframework\spring-expression\5.3.18\spring-expression-5.3.18.jar;C:\DCOM_220127\05_SPRING\repository\com\oracle\database\jdbc\ojdbc8\18.3.0.0\ojdbc8-18.3.0.0.jar;C:\DCOM_220127\05_SPRING\repository\com\oracle\database\jdbc\ucp\18.3.0.0\ucp-18.3.0.0.jar;C:\DCOM_220127\05_SPRING\repository\com\oracle\database\security\oraclepki\18.3.0.0\oraclepki-18.3.0.0.jar;C:\DCOM_220127\05_SPRING\repository\com\oracle\database\security\osdt_cert\18.3.0.0\osdt_cert-18.3.0.0.jar;C:\DCOM_220127\05_SPRING\repository\com\oracle\database\security\osdt_core\18.3.0.0\osdt_core-18.3.0.0.jar;C:\DCOM_220127\05_SPRING\repository\com\oracle\database\ha\simplefan\18.3.0.0\simplefan-18.3.0.0.jar;C:\DCOM_220127\05_SPRING\repository\com\oracle\database\ha\ons\18.3.0.0\ons-18.3.0.0.jar;C:\DCOM_220127\05_SPRING\repository\org\apache\logging\log4j\log4j-core\2.17.2\log4j-core-2.17.2.jar;C:\DCOM_220127\05_SPRING\repository\org\apache\logging\log4j\log4j-api\2.17.2\log4j-api-2.17.2.jar;C:\DCOM_220127\05_SPRING\repository\junit\junit\4.13.2\junit-4.13.2.jar;C:\DCOM_220127\05_SPRING\repository\org\hamcrest\hamcrest-core\1.3\hamcrest-core-1.3.jar;"/>
    <property name="sun.cpu.endian" value="little"/>
    <property name="user.home" value="C:\Users\ITSC"/>
    <property name="user.language" value="ko"/>
    <property name="java.specification.vendor" value="Oracle Corporation"/>
    <property name="java.home" value="C:\Program Files\Java\jdk1.8.0_202\jre"/>
    <property name="basedir" value="C:\DCOM_220127\05_SPRING\workspace\S_SH12_02"/>
    <property name="style.color" value="always"/>
    <property name="file.separator" value="\"/>
    <property name="line.separator" value="&#10;"/>
    <property name="java.vm.specification.vendor" value="Oracle Corporation"/>
    <property name="java.specification.name" value="Java Platform API Specification"/>
    <property name="java.awt.graphicsenv" value="sun.awt.Win32GraphicsEnvironment"/>
    <property name="surefire.real.class.path" value="C:\Users\ITSC\AppData\Local\Temp\surefire6882482338417447440\surefirebooter6948324995868581398.jar"/>
    <property name="sun.boot.class.path" value="C:\Program Files\Java\jdk1.8.0_202\jre\lib\resources.jar;C:\Program Files\Java\jdk1.8.0_202\jre\lib\rt.jar;C:\Program Files\Java\jdk1.8.0_202\jre\lib\sunrsasign.jar;C:\Program Files\Java\jdk1.8.0_202\jre\lib\jsse.jar;C:\Program Files\Java\jdk1.8.0_202\jre\lib\jce.jar;C:\Program Files\Java\jdk1.8.0_202\jre\lib\charsets.jar;C:\Program Files\Java\jdk1.8.0_202\jre\lib\jfr.jar;C:\Program Files\Java\jdk1.8.0_202\jre\classes"/>
    <property name="user.script" value=""/>
    <property name="sun.management.compiler" value="HotSpot 64-Bit Tiered Compilers"/>
    <property name="java.runtime.version" value="1.8.0_202-b08"/>
    <property name="user.name" value="ITSC"/>
    <property name="path.separator" value=";"/>
    <property name="os.version" value="10.0"/>
    <property name="java.endorsed.dirs" value="C:\Program Files\Java\jdk1.8.0_202\jre\lib\endorsed"/>
    <property name="java.runtime.name" value="Java(TM) SE Runtime Environment"/>
    <property name="file.encoding" value="MS949"/>
    <property name="java.vm.name" value="Java HotSpot(TM) 64-Bit Server VM"/>
    <property name="localRepository" value="C:\DCOM_220127\05_SPRING\repository"/>
    <property name="java.vendor.url.bug" value="http://bugreport.sun.com/bugreport/"/>
    <property name="java.io.tmpdir" value="C:\Users\ITSC\AppData\Local\Temp\"/>
    <property name="java.version" value="1.8.0_202"/>
    <property name="user.dir" value="C:\DCOM_220127\05_SPRING\workspace\S_SH12_02"/>
    <property name="os.arch" value="amd64"/>
    <property name="java.vm.specification.name" value="Java Virtual Machine Specification"/>
    <property name="java.awt.printerjob" value="sun.awt.windows.WPrinterJob"/>
    <property name="sun.os.patch.level" value=""/>
    <property name="java.library.path" value="C:\Program Files\Java\jdk1.8.0_202\jre\bin;C:\WINDOWS\Sun\Java\bin;C:\WINDOWS\system32;C:\WINDOWS;C:/Program Files/Java/jdk1.8.0_202/bin/../jre/bin/server;C:/Program Files/Java/jdk1.8.0_202/bin/../jre/bin;C:/Program Files/Java/jdk1.8.0_202/bin/../jre/lib/amd64;C:\Program Files\Java\jdk1.8.0_202\bin;C:\Program Files\Common Files\Oracle\Java\javapath;C:\Users\ITSC\Downloads\WINDOWS.X64_193000_db_home\bin;C:\Ruby27-x64\bin;C:\WINDOWS\system32;C:\WINDOWS;C:\WINDOWS\System32\Wbem;C:\WINDOWS\System32\WindowsPowerShell\v1.0\;C:\WINDOWS\System32\OpenSSH\;C:\Program Files\Git\cmd\;C:\Program Files\Git\bin\;C:\Program Files\nodejs\;C:\apache-maven-3.8.5\bin;C:\Program Files\Bandizip\;C:\Program Files\Java\jdk1.8.0_202\bin;C:\Users\ITSC\AppData\Roaming\npm;C:\Users\ITSC\AppData\Local\Programs\Microsoft VS Code\bin;;C:\DCOM_220127\05_SPRING\app\sts-bundle\sts-3.9.12.RELEASE;;."/>
    <property name="java.vm.info" value="mixed mode"/>
    <property name="java.vendor" value="Oracle Corporation"/>
    <property name="java.vm.version" value="25.202-b08"/>
    <property name="java.ext.dirs" value="C:\Program Files\Java\jdk1.8.0_202\jre\lib\ext;C:\WINDOWS\Sun\Java\lib\ext"/>
    <property name="sun.io.unicode.encoding" value="UnicodeLittle"/>
    <property name="java.class.version" value="52.0"/>
  </properties>
  <testcase name="getAll" classname="com.pcwk.ehr.JUnitUserDaoTest" time="0.668">
    <failure message="expected:&lt;0&gt; but was:&lt;2&gt;" type="java.lang.AssertionError"><![CDATA[java.lang.AssertionError: expected:<0> but was:<2>
	at com.pcwk.ehr.JUnitUserDaoTest.getAll(JUnitUserDaoTest.java:116)
]]></failure>
    <system-out><![CDATA[[2022-06-10 12:33:18.087] INFO  AbstractTestContextBootstrapper.getDefaultTestExecutionListenerClassNames(AbstractTestContextBootstrapper.java:245) - Loaded default TestExecutionListener class names from location [META-INF/spring.factories]: [org.springframework.test.context.web.ServletTestExecutionListener, org.springframework.test.context.support.DirtiesContextBeforeModesTestExecutionListener, org.springframework.test.context.event.ApplicationEventsTestExecutionListener, org.springframework.test.context.support.DependencyInjectionTestExecutionListener, org.springframework.test.context.support.DirtiesContextTestExecutionListener, org.springframework.test.context.transaction.TransactionalTestExecutionListener, org.springframework.test.context.jdbc.SqlScriptsTestExecutionListener, org.springframework.test.context.event.EventPublishingTestExecutionListener]
[2022-06-10 12:33:18.098] INFO  AbstractTestContextBootstrapper.getTestExecutionListeners(AbstractTestContextBootstrapper.java:174) - Using TestExecutionListeners: [org.springframework.test.context.support.DirtiesContextBeforeModesTestExecutionListener@13b13b5d, org.springframework.test.context.event.ApplicationEventsTestExecutionListener@2892dae4, org.springframework.test.context.support.DependencyInjectionTestExecutionListener@355ce81c, org.springframework.test.context.support.DirtiesContextTestExecutionListener@29647f75, org.springframework.test.context.transaction.TransactionalTestExecutionListener@3315d2d7, org.springframework.test.context.jdbc.SqlScriptsTestExecutionListener@d6e7bab, org.springframework.test.context.event.EventPublishingTestExecutionListener@5fa07e12]
[2022-06-10 12:33:18.367] DEBUG JUnitUserDaoTest.setUp(JUnitUserDaoTest.java:37) - =====================
[2022-06-10 12:33:18.367] DEBUG JUnitUserDaoTest.setUp(JUnitUserDaoTest.java:38) - =0. setUp()=
[2022-06-10 12:33:18.367] DEBUG JUnitUserDaoTest.setUp(JUnitUserDaoTest.java:39) - =====================
[2022-06-10 12:33:18.369] DEBUG JUnitUserDaoTest.setUp(JUnitUserDaoTest.java:48) - context: org.springframework.context.support.GenericApplicationContext@212b5695, started on Fri Jun 10 12:33:18 KST 2022
[2022-06-10 12:33:18.369] DEBUG JUnitUserDaoTest.setUp(JUnitUserDaoTest.java:49) - dao: com.pcwk.ehr.UserDaoImpl@36060e
[2022-06-10 12:33:18.370] DEBUG UserDaoImpl.doDelete(UserDaoImpl.java:66) - ==============================
[2022-06-10 12:33:18.370] DEBUG UserDaoImpl.doDelete(UserDaoImpl.java:67) - =param: UserVO [uId=p77, name=박훈, passwd=4321, level=BASIC, login=1, recommend=0, email=qkrgns0514@naver.com, regDt=날짜_사용안함, toString()=com.pcwk.ehr.UserVO@be68757]
[2022-06-10 12:33:18.370] DEBUG UserDaoImpl.doDelete(UserDaoImpl.java:68) - =sql: 
DELETE FROM hr_member      
WHERE  u_id = 	?         

[2022-06-10 12:33:18.370] DEBUG UserDaoImpl.doDelete(UserDaoImpl.java:69) - ==============================
[2022-06-10 12:33:18.370] DEBUG UserDaoImpl.doDelete(UserDaoImpl.java:74) - =Object param: p77
[2022-06-10 12:33:18.834] DEBUG UserDaoImpl.doDelete(UserDaoImpl.java:78) - =flag: 1
[2022-06-10 12:33:18.834] DEBUG UserDaoImpl.doDelete(UserDaoImpl.java:66) - ==============================
[2022-06-10 12:33:18.834] DEBUG UserDaoImpl.doDelete(UserDaoImpl.java:67) - =param: UserVO [uId=p770, name=박훈0, passwd=4321, level=SILVER, login=50, recommend=2, email=qkrgns0514@naver.com, regDt=날짜_사용안함, toString()=com.pcwk.ehr.UserVO@1643d68f]
[2022-06-10 12:33:18.835] DEBUG UserDaoImpl.doDelete(UserDaoImpl.java:68) - =sql: 
DELETE FROM hr_member      
WHERE  u_id = 	?         

[2022-06-10 12:33:18.835] DEBUG UserDaoImpl.doDelete(UserDaoImpl.java:69) - ==============================
[2022-06-10 12:33:18.835] DEBUG UserDaoImpl.doDelete(UserDaoImpl.java:74) - =Object param: p770
[2022-06-10 12:33:18.884] DEBUG UserDaoImpl.doDelete(UserDaoImpl.java:78) - =flag: 1
[2022-06-10 12:33:18.884] DEBUG UserDaoImpl.doDelete(UserDaoImpl.java:66) - ==============================
[2022-06-10 12:33:18.885] DEBUG UserDaoImpl.doDelete(UserDaoImpl.java:67) - =param: UserVO [uId=p7700, name=박훈00, passwd=4321, level=GOLD, login=100, recommend=31, email=qkrgns0514@naver.com, regDt=날짜_사용안함, toString()=com.pcwk.ehr.UserVO@482d776b]
[2022-06-10 12:33:18.885] DEBUG UserDaoImpl.doDelete(UserDaoImpl.java:68) - =sql: 
DELETE FROM hr_member      
WHERE  u_id = 	?         

[2022-06-10 12:33:18.885] DEBUG UserDaoImpl.doDelete(UserDaoImpl.java:69) - ==============================
[2022-06-10 12:33:18.885] DEBUG UserDaoImpl.doDelete(UserDaoImpl.java:74) - =Object param: p7700
[2022-06-10 12:33:18.932] DEBUG UserDaoImpl.doDelete(UserDaoImpl.java:78) - =flag: 1
[2022-06-10 12:33:18.932] DEBUG UserDaoImpl.getCount(UserDaoImpl.java:154) - ==============================
[2022-06-10 12:33:18.932] DEBUG UserDaoImpl.getCount(UserDaoImpl.java:155) - =param: UserVO [uId=p77, name=박훈, passwd=4321, level=BASIC, login=1, recommend=0, email=qkrgns0514@naver.com, regDt=날짜_사용안함, toString()=com.pcwk.ehr.UserVO@be68757]
[2022-06-10 12:33:18.932] DEBUG UserDaoImpl.getCount(UserDaoImpl.java:156) - =sql: 
SELECT COUNT(*) AS cnt 	
FROM hr_member         	
WHERE u_id LIKE ? || '%'	

[2022-06-10 12:33:18.932] DEBUG UserDaoImpl.getCount(UserDaoImpl.java:157) - ==============================
[2022-06-10 12:33:18.932] DEBUG UserDaoImpl.getCount(UserDaoImpl.java:159) - =Object param:p77
[2022-06-10 12:33:19.025] DEBUG UserDaoImpl.getCount(UserDaoImpl.java:162) - ==============================
[2022-06-10 12:33:19.025] DEBUG UserDaoImpl.getCount(UserDaoImpl.java:163) - =count: 2
[2022-06-10 12:33:19.025] DEBUG UserDaoImpl.getCount(UserDaoImpl.java:164) - ==============================
[2022-06-10 12:33:19.027] DEBUG JUnitUserDaoTest.tearDown(JUnitUserDaoTest.java:202) - =====================
[2022-06-10 12:33:19.027] DEBUG JUnitUserDaoTest.tearDown(JUnitUserDaoTest.java:203) - =9. tearDown()=
[2022-06-10 12:33:19.027] DEBUG JUnitUserDaoTest.tearDown(JUnitUserDaoTest.java:204) - =====================
]]></system-out>
  </testcase>
  <testcase name="addAndGet" classname="com.pcwk.ehr.JUnitUserDaoTest" time="0.189">
    <failure message="expected:&lt;0&gt; but was:&lt;2&gt;" type="java.lang.AssertionError"><![CDATA[java.lang.AssertionError: expected:<0> but was:<2>
	at com.pcwk.ehr.JUnitUserDaoTest.addAndGet(JUnitUserDaoTest.java:145)
]]></failure>
    <system-out><![CDATA[[2022-06-10 12:33:19.031] DEBUG JUnitUserDaoTest.setUp(JUnitUserDaoTest.java:37) - =====================
[2022-06-10 12:33:19.031] DEBUG JUnitUserDaoTest.setUp(JUnitUserDaoTest.java:38) - =0. setUp()=
[2022-06-10 12:33:19.031] DEBUG JUnitUserDaoTest.setUp(JUnitUserDaoTest.java:39) - =====================
[2022-06-10 12:33:19.031] DEBUG JUnitUserDaoTest.setUp(JUnitUserDaoTest.java:48) - context: org.springframework.context.support.GenericApplicationContext@212b5695, started on Fri Jun 10 12:33:18 KST 2022
[2022-06-10 12:33:19.031] DEBUG JUnitUserDaoTest.setUp(JUnitUserDaoTest.java:49) - dao: com.pcwk.ehr.UserDaoImpl@36060e
[2022-06-10 12:33:19.031] DEBUG JUnitUserDaoTest.addAndGet(JUnitUserDaoTest.java:135) - =====================
[2022-06-10 12:33:19.031] DEBUG JUnitUserDaoTest.addAndGet(JUnitUserDaoTest.java:136) - =1. addAndGet()=
[2022-06-10 12:33:19.031] DEBUG JUnitUserDaoTest.addAndGet(JUnitUserDaoTest.java:137) - =====================
[2022-06-10 12:33:19.031] DEBUG UserDaoImpl.doDelete(UserDaoImpl.java:66) - ==============================
[2022-06-10 12:33:19.032] DEBUG UserDaoImpl.doDelete(UserDaoImpl.java:67) - =param: UserVO [uId=p77, name=박훈, passwd=4321, level=BASIC, login=1, recommend=0, email=qkrgns0514@naver.com, regDt=날짜_사용안함, toString()=com.pcwk.ehr.UserVO@2af616d3]
[2022-06-10 12:33:19.032] DEBUG UserDaoImpl.doDelete(UserDaoImpl.java:68) - =sql: 
DELETE FROM hr_member      
WHERE  u_id = 	?         

[2022-06-10 12:33:19.032] DEBUG UserDaoImpl.doDelete(UserDaoImpl.java:69) - ==============================
[2022-06-10 12:33:19.032] DEBUG UserDaoImpl.doDelete(UserDaoImpl.java:74) - =Object param: p77
[2022-06-10 12:33:19.076] DEBUG UserDaoImpl.doDelete(UserDaoImpl.java:78) - =flag: 0
[2022-06-10 12:33:19.076] DEBUG UserDaoImpl.doDelete(UserDaoImpl.java:66) - ==============================
[2022-06-10 12:33:19.076] DEBUG UserDaoImpl.doDelete(UserDaoImpl.java:67) - =param: UserVO [uId=p770, name=박훈0, passwd=4321, level=SILVER, login=50, recommend=2, email=qkrgns0514@naver.com, regDt=날짜_사용안함, toString()=com.pcwk.ehr.UserVO@62d363ab]
[2022-06-10 12:33:19.076] DEBUG UserDaoImpl.doDelete(UserDaoImpl.java:68) - =sql: 
DELETE FROM hr_member      
WHERE  u_id = 	?         

[2022-06-10 12:33:19.076] DEBUG UserDaoImpl.doDelete(UserDaoImpl.java:69) - ==============================
[2022-06-10 12:33:19.076] DEBUG UserDaoImpl.doDelete(UserDaoImpl.java:74) - =Object param: p770
[2022-06-10 12:33:19.122] DEBUG UserDaoImpl.doDelete(UserDaoImpl.java:78) - =flag: 0
[2022-06-10 12:33:19.122] DEBUG UserDaoImpl.doDelete(UserDaoImpl.java:66) - ==============================
[2022-06-10 12:33:19.122] DEBUG UserDaoImpl.doDelete(UserDaoImpl.java:67) - =param: UserVO [uId=p7700, name=박훈00, passwd=4321, level=GOLD, login=100, recommend=31, email=qkrgns0514@naver.com, regDt=날짜_사용안함, toString()=com.pcwk.ehr.UserVO@27cf3151]
[2022-06-10 12:33:19.122] DEBUG UserDaoImpl.doDelete(UserDaoImpl.java:68) - =sql: 
DELETE FROM hr_member      
WHERE  u_id = 	?         

[2022-06-10 12:33:19.122] DEBUG UserDaoImpl.doDelete(UserDaoImpl.java:69) - ==============================
[2022-06-10 12:33:19.122] DEBUG UserDaoImpl.doDelete(UserDaoImpl.java:74) - =Object param: p7700
[2022-06-10 12:33:19.166] DEBUG UserDaoImpl.doDelete(UserDaoImpl.java:78) - =flag: 0
[2022-06-10 12:33:19.166] DEBUG UserDaoImpl.getCount(UserDaoImpl.java:154) - ==============================
[2022-06-10 12:33:19.166] DEBUG UserDaoImpl.getCount(UserDaoImpl.java:155) - =param: UserVO [uId=p77, name=박훈, passwd=4321, level=BASIC, login=1, recommend=0, email=qkrgns0514@naver.com, regDt=날짜_사용안함, toString()=com.pcwk.ehr.UserVO@2af616d3]
[2022-06-10 12:33:19.166] DEBUG UserDaoImpl.getCount(UserDaoImpl.java:156) - =sql: 
SELECT COUNT(*) AS cnt 	
FROM hr_member         	
WHERE u_id LIKE ? || '%'	

[2022-06-10 12:33:19.166] DEBUG UserDaoImpl.getCount(UserDaoImpl.java:157) - ==============================
[2022-06-10 12:33:19.166] DEBUG UserDaoImpl.getCount(UserDaoImpl.java:159) - =Object param:p77
[2022-06-10 12:33:19.219] DEBUG UserDaoImpl.getCount(UserDaoImpl.java:162) - ==============================
[2022-06-10 12:33:19.219] DEBUG UserDaoImpl.getCount(UserDaoImpl.java:163) - =count: 2
[2022-06-10 12:33:19.219] DEBUG UserDaoImpl.getCount(UserDaoImpl.java:164) - ==============================
[2022-06-10 12:33:19.219] DEBUG JUnitUserDaoTest.tearDown(JUnitUserDaoTest.java:202) - =====================
[2022-06-10 12:33:19.220] DEBUG JUnitUserDaoTest.tearDown(JUnitUserDaoTest.java:203) - =9. tearDown()=
[2022-06-10 12:33:19.220] DEBUG JUnitUserDaoTest.tearDown(JUnitUserDaoTest.java:204) - =====================
]]></system-out>
  </testcase>
  <testcase name="getFailure" classname="com.pcwk.ehr.JUnitUserDaoTest" time="0">
    <skipped/>
  </testcase>
  <testcase name="doUpdate" classname="com.pcwk.ehr.JUnitUserDaoTest" time="0.179">
    <failure message="expected:&lt;0&gt; but was:&lt;2&gt;" type="java.lang.AssertionError"><![CDATA[java.lang.AssertionError: expected:<0> but was:<2>
	at com.pcwk.ehr.JUnitUserDaoTest.doUpdate(JUnitUserDaoTest.java:72)
]]></failure>
    <system-out><![CDATA[[2022-06-10 12:33:19.221] DEBUG JUnitUserDaoTest.setUp(JUnitUserDaoTest.java:37) - =====================
[2022-06-10 12:33:19.221] DEBUG JUnitUserDaoTest.setUp(JUnitUserDaoTest.java:38) - =0. setUp()=
[2022-06-10 12:33:19.221] DEBUG JUnitUserDaoTest.setUp(JUnitUserDaoTest.java:39) - =====================
[2022-06-10 12:33:19.221] DEBUG JUnitUserDaoTest.setUp(JUnitUserDaoTest.java:48) - context: org.springframework.context.support.GenericApplicationContext@212b5695, started on Fri Jun 10 12:33:18 KST 2022
[2022-06-10 12:33:19.222] DEBUG JUnitUserDaoTest.setUp(JUnitUserDaoTest.java:49) - dao: com.pcwk.ehr.UserDaoImpl@36060e
[2022-06-10 12:33:19.222] DEBUG UserDaoImpl.doDelete(UserDaoImpl.java:66) - ==============================
[2022-06-10 12:33:19.222] DEBUG UserDaoImpl.doDelete(UserDaoImpl.java:67) - =param: UserVO [uId=p77, name=박훈, passwd=4321, level=BASIC, login=1, recommend=0, email=qkrgns0514@naver.com, regDt=날짜_사용안함, toString()=com.pcwk.ehr.UserVO@bc57b40]
[2022-06-10 12:33:19.222] DEBUG UserDaoImpl.doDelete(UserDaoImpl.java:68) - =sql: 
DELETE FROM hr_member      
WHERE  u_id = 	?         

[2022-06-10 12:33:19.222] DEBUG UserDaoImpl.doDelete(UserDaoImpl.java:69) - ==============================
[2022-06-10 12:33:19.222] DEBUG UserDaoImpl.doDelete(UserDaoImpl.java:74) - =Object param: p77
[2022-06-10 12:33:19.264] DEBUG UserDaoImpl.doDelete(UserDaoImpl.java:78) - =flag: 0
[2022-06-10 12:33:19.264] DEBUG UserDaoImpl.doDelete(UserDaoImpl.java:66) - ==============================
[2022-06-10 12:33:19.264] DEBUG UserDaoImpl.doDelete(UserDaoImpl.java:67) - =param: UserVO [uId=p770, name=박훈0, passwd=4321, level=SILVER, login=50, recommend=2, email=qkrgns0514@naver.com, regDt=날짜_사용안함, toString()=com.pcwk.ehr.UserVO@1494b84d]
[2022-06-10 12:33:19.264] DEBUG UserDaoImpl.doDelete(UserDaoImpl.java:68) - =sql: 
DELETE FROM hr_member      
WHERE  u_id = 	?         

[2022-06-10 12:33:19.265] DEBUG UserDaoImpl.doDelete(UserDaoImpl.java:69) - ==============================
[2022-06-10 12:33:19.265] DEBUG UserDaoImpl.doDelete(UserDaoImpl.java:74) - =Object param: p770
[2022-06-10 12:33:19.309] DEBUG UserDaoImpl.doDelete(UserDaoImpl.java:78) - =flag: 0
[2022-06-10 12:33:19.309] DEBUG UserDaoImpl.doDelete(UserDaoImpl.java:66) - ==============================
[2022-06-10 12:33:19.309] DEBUG UserDaoImpl.doDelete(UserDaoImpl.java:67) - =param: UserVO [uId=p7700, name=박훈00, passwd=4321, level=GOLD, login=100, recommend=31, email=qkrgns0514@naver.com, regDt=날짜_사용안함, toString()=com.pcwk.ehr.UserVO@4628b1d3]
[2022-06-10 12:33:19.309] DEBUG UserDaoImpl.doDelete(UserDaoImpl.java:68) - =sql: 
DELETE FROM hr_member      
WHERE  u_id = 	?         

[2022-06-10 12:33:19.309] DEBUG UserDaoImpl.doDelete(UserDaoImpl.java:69) - ==============================
[2022-06-10 12:33:19.309] DEBUG UserDaoImpl.doDelete(UserDaoImpl.java:74) - =Object param: p7700
[2022-06-10 12:33:19.356] DEBUG UserDaoImpl.doDelete(UserDaoImpl.java:78) - =flag: 0
[2022-06-10 12:33:19.356] DEBUG UserDaoImpl.getCount(UserDaoImpl.java:154) - ==============================
[2022-06-10 12:33:19.356] DEBUG UserDaoImpl.getCount(UserDaoImpl.java:155) - =param: UserVO [uId=p77, name=박훈, passwd=4321, level=BASIC, login=1, recommend=0, email=qkrgns0514@naver.com, regDt=날짜_사용안함, toString()=com.pcwk.ehr.UserVO@bc57b40]
[2022-06-10 12:33:19.356] DEBUG UserDaoImpl.getCount(UserDaoImpl.java:156) - =sql: 
SELECT COUNT(*) AS cnt 	
FROM hr_member         	
WHERE u_id LIKE ? || '%'	

[2022-06-10 12:33:19.356] DEBUG UserDaoImpl.getCount(UserDaoImpl.java:157) - ==============================
[2022-06-10 12:33:19.356] DEBUG UserDaoImpl.getCount(UserDaoImpl.java:159) - =Object param:p77
[2022-06-10 12:33:19.399] DEBUG UserDaoImpl.getCount(UserDaoImpl.java:162) - ==============================
[2022-06-10 12:33:19.399] DEBUG UserDaoImpl.getCount(UserDaoImpl.java:163) - =count: 2
[2022-06-10 12:33:19.399] DEBUG UserDaoImpl.getCount(UserDaoImpl.java:164) - ==============================
[2022-06-10 12:33:19.399] DEBUG JUnitUserDaoTest.tearDown(JUnitUserDaoTest.java:202) - =====================
[2022-06-10 12:33:19.399] DEBUG JUnitUserDaoTest.tearDown(JUnitUserDaoTest.java:203) - =9. tearDown()=
[2022-06-10 12:33:19.399] DEBUG JUnitUserDaoTest.tearDown(JUnitUserDaoTest.java:204) - =====================
]]></system-out>
  </testcase>
</testsuite>